
Showing logs for build [32mcb-kubecd-environment-pr-199-41-htcz4-1[0m stage [32mfrom-build-pack[0m and container [32mstep-credential-initializer-l874z[0m
{"level":"warn","ts":1586608910.8563807,"logger":"fallback-logger","caller":"logging/config.go:69","msg":"Fetch GitHub commit ID from kodata failed: \"ref: refs/heads/0.8.0-**-support-backwards-incompats\" is not a valid GitHub commit ID"}
{"level":"info","ts":1586608910.8569007,"logger":"fallback-logger","caller":"creds-init/main.go:40","msg":"Credentials initialized."}

Showing logs for build [32mcb-kubecd-environment-pr-199-41-htcz4-1[0m stage [32mfrom-build-pack[0m and container [32mstep-working-dir-initializer-vmrwq[0m
{"level":"warn","ts":1586608912.2910545,"logger":"fallback-logger","caller":"logging/config.go:69","msg":"Fetch GitHub commit ID from kodata failed: open /var/run/ko/HEAD: no such file or directory"}
{"level":"info","ts":1586608912.2924073,"logger":"fallback-logger","caller":"bash/main.go:64","msg":"Successfully executed command \"sh -c mkdir -p /workspace/source\"; output "}

Showing logs for build [32mcb-kubecd-environment-pr-199-41-htcz4-1[0m stage [32mfrom-build-pack[0m and container [32mstep-place-tools[0m

Showing logs for build [32mcb-kubecd-environment-pr-199-41-htcz4-1[0m stage [32mfrom-build-pack[0m and container [32mstep-git-source-cb-kubecd-environment-pr-199-41-htcz4-mlxvg[0m
{"level":"warn","ts":1586608941.381988,"logger":"fallback-logger","caller":"logging/config.go:69","msg":"Fetch GitHub commit ID from kodata failed: \"ref: refs/heads/0.8.0-**-support-backwards-incompats\" is not a valid GitHub commit ID"}
{"level":"info","ts":1586608942.4633713,"logger":"fallback-logger","caller":"git/git.go:103","msg":"Successfully cloned https://github.com/cb-kubecd/environment-pr-199-41-boot-gke-production.git @ master in path /workspace/source"}

Showing logs for build [32mcb-kubecd-environment-pr-199-41-htcz4-1[0m stage [32mfrom-build-pack[0m and container [32mstep-git-merge[0m
Using SHAs from PULL_REFS=master:ff6082c4f1c6d3b825f4fa342f574febbd83946b,1:687e3855b2a5e81127569749586c32e5a079eb8e
DEBUG: LC_ALL=C JX_LOG_LEVEL=error git fetch origin --unshallow 687e3855b2a5e81127569749586c32e5a079eb8e: ff6082c4f1c6d3b825f4fa342f574febbd83946b:
DEBUG: ran git fetch --unshallow origin 687e3855b2a5e81127569749586c32e5a079eb8e: ff6082c4f1c6d3b825f4fa342f574febbd83946b: in 
DEBUG: LC_ALL=C JX_LOG_LEVEL=error git branch
DEBUG: LC_ALL=C JX_LOG_LEVEL=error git checkout master
DEBUG: ran git checkout master in 
DEBUG: LC_ALL=C JX_LOG_LEVEL=error git reset --hard ff6082c4f1c6d3b825f4fa342f574febbd83946b
DEBUG: ran git reset --hard ff6082c4f1c6d3b825f4fa342f574febbd83946b in 
DEBUG: LC_ALL=C JX_LOG_LEVEL=error git clean -fd .
DEBUG: ran clean --force -d . in 
DEBUG: LC_ALL=C JX_LOG_LEVEL=error git merge 687e3855b2a5e81127569749586c32e5a079eb8e
DEBUG: ran git merge 687e3855b2a5e81127569749586c32e5a079eb8e in 
DEBUG: LC_ALL=C JX_LOG_LEVEL=error git log --format=%H%x1f%an%x1f%ae%x1f%cn%x1f%ce%x1f%s%n%b%x1e ff6082c4f1c6d3b825f4fa342f574febbd83946b..HEAD
Merged SHA 687e3855b2a5e81127569749586c32e5a079eb8e with commit message 'chore: Promote bdd-spring-1586607860 to version 0.0.1' into base branch master

Showing logs for build [32mcb-kubecd-environment-pr-199-41-htcz4-1[0m stage [32mfrom-build-pack[0m and container [32mstep-build-helm-build[0m
WARNING: No $CHART_REPOSITORY defined so using the default value of: http://jenkins-x-chartmuseum:8080
Adding missing Helm repo: storage.googleapis.com https://storage.googleapis.com/chartmuseum.jenkins-x.io
WARNING: No secrets found on "helm/repos" due: reading the secret "helm/repos" from vault: no secret "helm/repos" not found in vault
Read credentials for https://storage.googleapis.com/chartmuseum.jenkins-x.io from vault helm/repos
Successfully added Helm repository storage.googleapis.com.
Adding missing Helm repo: jenkins-x-chartmuseum http://jenkins-x-chartmuseum:8080
WARNING: No secrets found on "helm/repos" due: reading the secret "helm/repos" from vault: no secret "helm/repos" not found in vault
Read credentials for http://jenkins-x-chartmuseum:8080 from vault helm/repos
Successfully added Helm repository jenkins-x-chartmuseum.
WARNING: No $CHART_REPOSITORY defined so using the default value of: http://jenkins-x-chartmuseum:8080
Adding missing Helm repo: chartmuseum.jenkins-x.io http://chartmuseum.jenkins-x.io
WARNING: No secrets found on "helm/repos" due: reading the secret "helm/repos" from vault: no secret "helm/repos" not found in vault
Read credentials for http://chartmuseum.jenkins-x.io from vault helm/repos
Successfully added Helm repository chartmuseum.jenkins-x.io.
